-----BEGIN STRICT TYPE LIB-----
Id: stl:f9ccbAlh-W010xVQ-RGvgiOB-FddwvKC-~zlOn90-j_YOqvw#jimmy-clark-canary
Name: RGBCommit
Dependencies:
	BPCore#juliet-super-dominic,
	CommitVerify#violet-panther-herbert,
	Std#delete-roman-hair,
	AluVM#jargon-gorilla-poetic,
	StrictTypes#henry-heart-survive,
	Bitcoin#signal-color-cipher
Check-SHA256: d84eac6084f8f88af248806ee10c6279fe2ec5a8c5909065ed4be47d656e3461

2~tNwLvL+uX><lX>pKz(VCaX%3mIP&XB&sB3y@ML2MxM-cip;h4&;#rLQq3*a%D_q7H}ii_tAk8EiIL^
F;WduOYhK!;vHZzZO$@xxWWuWZ*6U9bXH|@X=ZtXiR(=d3vg7gbV~*3!PlK51EySK%g?1}nECovJTYnm
Q*>mTDm~KXV7O_2K9yF<>+h;;t~i_0*|LWuHI04?{jxCyL2PwaP3fMJ=Q}``f02HLt~iCiD@{1Jw0_*8
A_pi$)ov?1PzzIZa%p39RC#b^bM<T!Vk7oBr%DNv+($;q`HHK!gIHa)*%m(-e#9sm3I{@IbYpL6ZUzNG
Y;{&m0sw9Ap(f$Hb>aU=OZ$bvG|>z)+>9PT;Au-7)~D;-++hbyX<}1pbY-V7RRS&fT*&Z=qeY@Wmfle*
z!SF)@h8|JkU^FEQwjx4X<|ua20~CnZ*pY>04xKINJ~fc1UzTDb_LBRjrSXj?;k=^zm6d~Uh7!wPz^$C
X>MdwWnpYocxhy48SA{&vly$FvzVnzHf7z~rv`86=_Ka^V5yX|y#`JSQ)OdvWpq<zVQi<U^0@;NPlb{-
n1xko1uZcKL=FhMw)iW@^B~GyS4Iv(Y-w&}Q)OXnRCrKya<Sz&ITQ*wzVL4v&%PXBrElTk^nG{;D0#op
`qL00-33&5P;_z!LTPkkZ)t7<03qW(L&d6G@+l`%qd385?K@+fP1(-9sgE>i7rMzqbp%##b#$YGLi5Yl
(a@n1+Ku60FILp}Zw|!7cE!MGSxid=WmW`Kcxhw|LvL+uX>?X)a%pCH0suIkLxv|61vo|<S$`kJ6oIZx
{|tq&1{dNqe!iO(;xh_OWpZn5Wk_LjXl<{p#r3Bk2FRnL+RBXEn8vr=x`Tq%|A_kfK&ST81`1Pja%p39
NMUnm15<Ql1OQ0BBNr;@ghiU?gEXK9KMDE{F?;HZBRuDVqlk6qmbeZ<b7N^~P;zN*bYWs_WtGFd$xQ-a
`EhCyJoZT~T}~sIjxz)>1<E$sZEo&ov<^XRaA;vpb!|*<WMOk?xr2V^K(3M#+UqoAlKrJ#Ah@D~Njwy|
v&?kIorn3a4?%2jXkkNPaC1y=WMOk?(LD^qDjThOoUD3@_&O-QyKhbjQPA7S3-rijhpe*R5J7BkXkk-r
VQg$nZ)9O}XbV$xa%p39RC#b^a{~Yyv{(W1V6JV*{3!yZ{M3XW@z+p<?Hl01LM?X!H~4Z1MrmbiWKLmi
Wm6UigcQkwbf~^M){{|8P%hsRk~m~ep32F151Y4WWC&DwaAi(mZDnf&qZFQ|l>ioJpYH;+t0eX2w~A!Q
+0eaZ{MVycPK^aqWo=1hIRGF*b8~5DZc=4-WnpY(WJF<fVM1(aZe&wsVQf@*P;_zx0sshdWp-s@Y-MBs
1_A_gWnpXrJ?lFX3Sj7m#S0l<6lWWUs|%1)CkG9>cz4~pa1P{=r>OF|0}@Y#k~NrxRcQq+F$P2q2)nlU
E64L7%3W7R1#@&^bY%e`@=#VHk7myNk^1UqykExfX<R)=d2?AmtkE~ha!6$X5Mys{W@%()Zggp3Y*S@n
YybuV1aoC!Yyv&&I}!?D=!eA%8DA7<8;7e4kWwcH4Z3)D-MVlN<dJ9@>%7&o7^|1Fn59cLW!>7R25;!;
B<BNQsg$$522KTYbYXO50U+{FRw9pP&is-3>Sw%P#_(xeJx6(SSwF1NH_CEIWgkIvb7^O8Qe}2!VQgh&
L}7GcLTqVnWK(5fY*ct@WCQ{L2y$h1WnpY(WB>*N1aoC!Yyv&&I}!?D=!eA%8DA7<8;7e4kWwcH4Z3)D
-MVlN<dG}`jYvyJ^#nX;x^@N4Cyn<TjPD;pQooKNI$rBo>`(=BbYXO50U+{FRw9pP&is-3>Sw%P#_(xe
Jx6(SSwF1NH_CEIWdRUlZ*FF3WMyu2X<=+rWnpXp1_A_gWnpXrJ?lFX3Sj7m#S0l<6lWWUs|%1)CkG9>
cz4~pa1P{=Xc_Cg)w39@m$R6qOEzWQ+NTC@=;<Wq17N9?v%LmR1#@&^bY%e`@=#VHk7myNk^1UqykExf
X<R)=d2?AmtkE~ha!6$%L349yXKqquc4c8~Wn@-iY;|QqY-w&}Q)OXnRCrKyas&bZ2y$h1WnpY(WB>*N
1aoC!Yyv&&I}!?D=!eA%8DA7<8;7e4kWwcH4Z3)D-MVlN<dLVS^0@;NPlb{-n1xko1uZcKL=FhMw)iW@
^B~GyS4IVMbYXO50piA=U9}@hoVT73L6bj%{Ruz7i&d|nM{06d&@mN4{{awVZ*FF3WMyu2X<=+rWnpXp
1_A_gWnpXrJ?lFX3Sj7m#S0l<6lWWUs|%1)CkG9>cz4~pa1P{=Xc_Cg)w39@m$R6qOEzWQ+NTC@=;<Wq
17N9?v%LmR1#@&^bY%hJ#-ClaBTAgNo)AHkKZ5-UKfsGsub@Y2a#+wY6+-_YL349yXKqquc4c8~Wn@-i
Y;|QqY-w&}Q)OXnRCsA*1OfmEa%Fa9VQgh&00sgCb7f&{0zK<H5(;4Ghs6sSUleB>hpP*aQYQxux_Ecp
x^NEUkt_p^NJ~fc1UzTDb_LBRjrSXj?;k=^zm6d~Uh7!wPz7^zVRU5y;>Mp{wIfQLx1JC|lRtv}2|vJ#
Rj;5&YI0c6F%?4p0T5$vZf0p@Wo~q7VQf=nVQc^f0t9nqVQd0D>pKz(VCaX%3mIP&XB&sB3y@ML2MxM-
cip;h4&;$&8SA{&vly$FvzVnzHf7z~rv`86=_Ka^V5yX|y#`JNb97;JWdY*GpIx;hN}RWz5J8hag8d0U
z>8I{phs$QSkN&QLjNg2b8~5DZdPSuL349yXKqquc4c8~Wn@HQbYVhlX>MdwWnpYocu;h51pxpE0SrRj
skq)xpV`Gw<@$3$0NV?f{JPT8u3(v#XUGyU%mDxZ000000RR600000004PCob7^O8R%K&Bb8~5DZc=4-
WnpY(WJF<fVM1(aZe&wsVQf@*X=DWf00;q=WKH}@ht@L%%<8?+|3PvL1mZnE9aaj_-*+cd<hx`600000
00030{{R300000gL349yXKq$yV?lFsX=iRyWp-s@Y-MCtVQh6}LTqVnWK(5fY*ctqbaDj&00;s1&ELoB
ady*(N}Zegr0pq++2=XTGoltYI^@$IJmd)h0000000030{{R300000fL349yXKq$yV?lFsX=iRyWp-s@
Y-MCtVQh6}LTqVnWK(5fY*ct@WCZ~L2mv(jo|h$~m;x7qi^=s8P2N+kb%iTyz>IGsVJuTN&(i?_00000
0096000000001UIb8~5DZdPSuL349yXKq$+X=GD$VRU6eY-w&}Q)OXnRCrKyas>eZ2muyOO0=mQ@<q;}
L!0mXLQ)&f{N+ND5bw$#tD172*_HtS000000096000000001RHb8~5DZdPSuL349yXKq$+X=GD$VRU6e
Y-w&}Q)OXnRCsA*1pxpE0a}@{BsdS}o=<V~B%{XJi%hir?=^QE+PRV44$qLoUI73A000000RR6000000
03AVdb7^O8R&Qx!Q*>c;WkPIeZe&wsVQf@*P;_zx0sshdWp-s@Y-MBs1_A_gWnpXrJ?lFX3Sj7m#S0l<
6lWWUs|%1)CkG9>cz4~pa1P{=r>OF|0}@Y#k~NrxRcQq+F$P2q2)nlUE64L7%3W7R1#@&^bY%f9vZekP
z%WEGnBZKS8(M7E9_@AwVcyGtCevi|7U8=A5Mys{W@%()Zggp3Y*S@nYybuV1aoC!Yyv&&I}!?D=!eA%
8DA7<8;7e4kWwcH4Z3)D-MVlN<dJ9@>%7&o7^|1Fn59cLW!>7R25;!;B<BNQsg$$522KTYbYXO50WPwo
{ujV7L@=1(T$>wOY}Ov_b`4?P%YY`+Wb+o`yBtAtb7^O8R&Qx!Q*>c;WkPIeZe&wsVQf@*X=DTf00?qr
c4c8~Wn=&b0t9nqVQd0D>pKz(VCaX%3mIP&XB&sB3y@ML2MxM-cip;h4&;$61C2;aNA(0eXS#L;%_oib
8;tKCLQ=nuAv#{`SnN;*b97;JWdSa-rT!PdFhnqz;9Q#<T5Q%H?RE`e-pha{(`54&;kyA4V{dL|X=G(?
bZKF1Q)OXn00sgCb7f&{0zK<H5(;4Ghs6sSUleB>hpP*aQYQxux_Ecpx^NEUk!Ts~yw$T9tCzEwrAszt
-P)%HZ|LbH=L2A=l(W4CP6cyxVRU5yF0!Tm7r-z?Fqq(6n;Tke)*kJ44PoBPfF{#q^A_Q|5kYfvX=iS2
Wo~ptWprU_Y;y(!5N~&GWn@!yVRU6vV`yb<VF3|UcbI16RTYGo;g=$lek0(X76r4BRrxE7cmW3@)e!`4
VQpms>7J73J3yCzk$#1)IEB9}O*pr-e%zuW2Pj0<ZYw-c8?;yf@?frQ$owe+rTo-{AMw{vgzX#P!9p!}
0yp?_5oBd%VRdYDRB~Z%b7^#GZ*BoJQV*^ZmKt8YDf|&5KZQ>65I6*X)C9iYp+?yjr7~y^L349yXKrm}
Zgf<6aAgGn0006RL349yXKrm}Zgg`(Y-w&}Q)OXnRCrKyas>eZ3IT`y;$>KfZ0H=mhJ>?uV<!`3gT=OJ
0bYv~7B;a&hq(b42Cl&=@6`g9Wa?J3e{lX~b9Iv}pr9zRHCiBkr{E?40000000030{{R300000OL349y
XKrm}Zgg`(Y-w&}Q)OXnRCsA*1pxpG0f+wLWmt%8=p4R=gtK{LClh6Z#kObxUW*hKHnBv9xdAtu^P0j`
PyFcKl0@oC_m?3Ve+y;&po9u3K1f-Y=ez&_000000096000000000g`VRL0eZ*6U9bZupBbOr?ob7N>_
ZDC1d0hChH+XJhss8OG%_CC-Q>(otsF+cqN0Qy}ddQ=3E5D9c?ZDn(GVQp{#07wRDb8~fNaso_c7H}ii
_tAk8EiIL^F;WduOYhK!;vHZzZO$@xxWa9(t;O}HAO^^zqT0%g+nC0;-MWK<)&Ge4`aq}l(*_7*Xklq?
PGxiftsXy=AYX8dDQEQRO5D(yMKm~r|3!X*hx(?lDDx}U6LV!@Y(s2sb7^j8Q*?4+bY*9G0h%q;z`x)s
Sf3Z(2eI_JHZ((SFcY<aGZ4$NvrJOSsR%-KZe(m_Nn`~900#g7Kp+4JLug@XZcb%%0|yRbX>?<6X>Ltn
X>M+1bN~-xX>?<6X>L?yb98QHbTa`DVrg_^Z)t8+Wpi|HWpp$G4Pt3@V{d70Q)y>zWpo1$Vrg_^Z)t8)
WoL9{b94j^Y-w?IX=F`dX>M+1bOjA;X>oOFWK?BybZ%vI1`0!OZgg^CV{}Pm1pxpD002NB00Ty5b_D?d
00Iq0b#7;AVr*qobYXO51OW&JVrg`9HZ%YQ0RR993`TWsXK7+=WmI`^Wdi{Xb#8NMXKrO=HZ($MbO;AW
Wo~72X>$e%17>D+0ot2U6Id2jc94hrndMfLayEe1ISdA&%p{mB1!VWk)d+KAXk~3-Nn`<(Qq$W5tE;F{
pQrXd&=l*`O?@#x{Qdy?T_k!`1dtF3bZKp6b97;CZ~y>E25ED1b!Bn^w&;L{94K`ndk%K5+?9Jv$dw7j
c}U5p5@2#$kUJ%u2xDkrX>LwsbOEg%Ka?O}aEvKu^y*67(3wRvID`L1eu0Pjrm!gUE7lWpWnpYXY;SXE
Zf8?;a$$63XL$jdE!4oj;3`<37v2Z4^tv`QLvAn=wSY4a%d)dfQpu?ZZDn*}WMOn+0rh%KI9Y!AFx9LC
k8@hQXE7w+qW3^C%eTEp@#^?_H3w&GZ(?C=a{;0=$>=Cf%ypRj207<6(8~ghODx=kkv^H(szyE})=~>$
b8~5DZf#|5baMgBJ0NihtH%g9L?J?oYV5-8A$VUWu}%GxXkH{w0y&TkM`dnhb7^x^V`yb<VFm;UZDn*}
WMOn+00{wg<W2bB&Wi#Y)kesSpCn_+*5;H&uJdp=m8bOK2??SA00000000300000000007XKZg`VQg~%
3IWybk`76TvuW{aQ_%-X`?VwZ$5L?~`!+pRSq0(b70UrO!8D=zpn(&o-7tVWUa<1Q{n`|;)uYyv!)~4r
GOBq10000000030000000000BVRLh7XKrm}Zgg`13IT`y;$>KfZ0H=mhJ>?uV<!`3gT=OJ0bYv~7B;a&
hq(bZ!8D=zpn(&o-7tVWUa<1Q{n`|;)uYyv!)~4rGOBq100000000300000000009c42I3WMOn~asUJZ
00eGtZe;)f009JZZ*64&1pxw^Dm~KXV7O_2K9yF<>+h;;t~i_0*|LWuHI04?{jxD_@1Z8)ymjIKNK5;L
!8FkfGTe+FK;UUh9M-4n+}vReM{I9mVQfTYbYW?1a|QwtXKZg`VQf=$VRU6vV`yb<VF7lS<6i6KL--Mv
CI1Lgj%)PLj`4kZk818svGP&}MWzI9VQpms>7J73J3yCzk$#1)IEB9}O*pr-e%zuW2Pj0<ZYw-c8?;yf
@?frQ$owe+rTo-{AMw{vgzX#P!9p!}0yp?_3rB2kVqt7kbYXO51pxpG0oCr34oQf!Y4K`P(FaQVwIle)
QgI&pHa%8Z1>xis%K=6-eWf1lXbfKaZ!f0AZ|T{?Qtye5DYBGCrj5p+UZwy5000000093000000000q3
Y;R&=Y*Tb$bY)XxXk~3-1_A|hWo=1h0_mQT=Q}``f02HLt~iCiD@{1Jw0_*8A_pi$)ov?1P-_IE6rQG)
02XJT?*g=|B=zREie$*y(7k2+*P~cYjR<XFcu90+ZF2ws0}n@RZ(?C=Q*>c;WmI`^Wd#8M00In0Y;R&=
Y*t}xb!Bq}0RRXAAo5UFB9CUy{E_<VXS`p=@M&B<M|pEuKdjL=%5q3$0RR9100000|Nj60000002uWmR
ZggpMc?AIg1p)$siR(=d3vg7gbV~*3!PlK51EySK%g?1}nECovJTYoWz9SbZ=!8X@=Yuq$20sb<4l#S`
iz7Vef}@Ca=a#qt2m*qM>rD>}a8$2!O9kk`*PSB+rd(so&!uOW`TABoF=|M@BNr;@ghiU?gEXK9KMDE{
F?;HZBRuDVqlk6qmbd@_000000093F00000000I_Zg6#Ua|Hna2?3K3ynwMZT8l5kSW@l}O=!>^xB4~9
n`Dx!RtcK)nwJ3p000000096000000000k5Zf|#PRB~Z%b7^#GZ*B$x1aEL@WC4}P=6W7=VqesjRYGc!
>wZFzp>JB4@xD;^wu&SY_r(fya$#<BX>@6CZUI6aXPu&^?(isA>kwuSHM$8T#4OeL#dNE`mbKtR+R_V6
WprUgWprU_Y;y(z1#@L>Nn`@)o|5M~K$m}!eub_$g}*CJIJdNZ+@c}}C`8q6D?CtZ1fvw5rj-B|XP@r^
w5ufb=C_Ju$l1`nW&GEpSWb-uZeeX@0_mQT=Q}``f02HLt~iCiD@{1Jw0_*8A_pi$)ov?1P#d&Z0rFt3
ZOHs70;T-agdg$OP=xIp;K4#IcLF!~atKXjbYWC^aAgGn0006BO=WapR$**)Wd#8M2mk;;0000000000
|Nj60000002u)>lVPs)+VFdvI3ITQGP59r=ivk<fM#zkxBxA|e=9ERQ^Kdtnr}W_o38DcMB|MH$#iox7
(epK^GJZz3uq*Cb2l>R6Lh9EroO>_;0000000030000000000BPh(?sa&l#EV`Xy&0t0PnZU6uR18re=
0006EPjEwTZEb0EZDnqB1_uLXW_AJEn^6;37FKqUhx?i3R+Mr!fY&(;2BFL(m@EZk_srD=Zf|a5WdHyO
25)dwd2nR`Z%+rR=)-r^_Y&HclF!H13$90G`4!8IQf!w`1|=wh2yJC_VPs)+VFFBL7H}ii_tAk8EiIL^
F;WduOYhK!;vHZzZO$@xxWa9(t;O}HAO^^zqT0%g+nC0;-MWK<)&Ge4`aq}l(*_4;Y;R&=Y;yukWfpKF
*Z0wZ5-ly2voTT)QcLg9hvFSzGHuQ>ceuhho<oKw6$Lm(8(DuJ#T0?AO#cjpum%_6G=9FD72-1nX>M?J
baMhsWfpKF*Z0wZ5-ly2voTT)QcLg9hvFSzGHuQ>ceuhho<oKw6$Lm(8(DuJ#T0?AO#cjpum%_6G=9FD
72-1sVRLh7XKrm}Zgg`3Ol1~uBiHxQff6k(m9sHY4N^<*(1+q3U@~paGIzMbIG#g>Clv)aMjKgwAH@`b
u1x<7g|G$};xvA~n-$_S1W#~DWCZ~L2LJ#-AOHnVaBp>V1_J_bZ~>Lb=6W7=VqesjRYGc!>wZFzp>JB4
@xD;^wu&SY_r(Hqc>#z1;$>KfZ0H=mhJ>?uV<!`3gT=OJ0bYv~7B;a&hq(f7ZvX%S5Knh*Wn@!yVRU6v
V`yb<VFUvJ3uI+uY+-U?bZK^F000012xfI|XK7+=WdH>M0r~W-2xhK9cV^W63=w?<vDsAp4rg8xJ7NUu
aZl;xMgj_RbaHiLbairNWB>&L0_mQT=Q}``f02HLt~iCiD@{1Jw0_*8A_pi$)ov?1P-_IE6rQG)02XJT
?*g=|B=zREie$*y(7k2+*P~cYjSNy{c4c8~Wn@HQbYTSn00;m8KmY&$000000RR600000001Z-Qc4c8~
Wn@-iY;|P?0Rg6rFp)<~$~wYgjK`HkjV#@&#T1_fGnK3MJXK)_7bXT%V`yb<VFm~TW@dH)+M7`mSQb`x
kca!3<yMq(Hh|YT3<jahB$zA(WcSR~1a4t%WdiA*lIJ@>mw%Cdg|0Y-zbj2Rx3qrTq9O+<MAdF9JWx{>
2!s^Lf^?|9I@Xg>Oi(W05|TJ%PM*ricn_PmXk-a(WprUwd2nTO015$h<W2bB&Wi#Y)kesSpCn_+*5;H&
uJdp=m8bOK2??SBgc#?E`%W7KsO97JuYbDvlzH(zmRs?SoJt!M#ot>t0000000000{{R30000003ukO^
Vqt7ld2nTO015%s?vf5kh_h+&YE#h%O8d1V_{UOl9{V;uR#^q%<Q2;S54OuFXd_KL>lDklY(DVQRZ2_x
NXm|`iS|~;BRWrW0000000000{{R30000003U7CAWn@%&aAk7<3IT`y;$>KfZ0H=mhJ>?uV<!`3gT=OJ
0bYv~7B;a&hq(c(Wq5qN1}KEPf^4TQ+tQKiCB(lzYV@u(WYP~UOi+RV00000000300000000007XJu|>
b7^w{PHf7Wpb~G=Pm~XxYI*`6rJj{160lxOxY(3#7BW?i3v_Z}ZgXjLX>V?G015##QV*^ZmKt8YDf|&5
KZQ>65I6*X)C9iYp+?yjr7~y%r?zUHR4te2<T35jDX~G1pW;qkmogLJFiPbmk1o1E0000000000{{R30
000005oBd%VRdYDL349yXKrm}Zgc<y0ssVVZ*FA(00035b8l^B00jX7hyLPaScq)s9KMExvw34D6J>+N
wrBxfixd_%u|$Wt2vcKdWo=<eWCZ~L2LJ#-AOI6nWnpYXY;SXEZf8?;a$$63XL$nw5@u;~b97H|a%FT+
a#Ue(a%FS?2~%ljZeetFa%BYp00#g7KtKQrRB~Z%b7^#GZ*B$&17>D+0ot2U6Id2jc94hrndMfLayEe1
ISdA&%p{mB1!VWk)e2*8Zgg^CV{}Pm0iOsgNjk^^qPoT1+zTRnAg`3vXv9d*8d@RXy~6c6G6imLZewKt
00<6ra$#<BX>@6CZd7@2WdSr&53UoI8eY9A{1GERg--GiI0S#x1is&)M%fmnGH3{GWprU=VRT^u^?FS>
S$_F2)vN@Mb6UJ-F(lri_dqerx4lR4>iBsz2WM<=Vqt7^0irX>=qOIib(s7HIp;Lc%L0r`EZl^VKAG97
Mm{9gQU+;maCLNZ0X7CplUE@k+(@AMA;**Avw@PI9YE8QDR*w0ca`xfVhdq&b7^O8ZDnqBa{-I4R4RNC
Fj+|XM1C+DXk-poZ)C_D*YlJ+82MQED-Q{CX=iR>bairN00aU61a5C`WdHyG0R(ezZDjxj0Rcq9?S_9%
zBIrmKs6QQX?psHjFs5t#D;?!SMk=|KFbhPa$#<BX>@6CZbEf#WNc*y0tjhtaCLM|VQ>Hn0h18CfUz`M
i!Z}iQtl5;XwV(E`Zdd&WRj~^37YhpmjRW?=6W7=VqesjRYGc!>wZFzp>JB4@xD;^wu&SY_r(DK00000
0096000000000ncZf|#PRB~Z%b7^#GZ*Fq{2mx#&P6}?o#u^K9|A2ukKscod%A9Q-9eB_gg6Lb1C7S^N
000000096000000000qGa$#<BX>@6CZbW5tVQFl01_BUta$#<BX>@6CZc}4uWo=;rtbeH<IU)A<RZV0I
)5jf9U=TzrD03CG`+yFjS~4nf1a4t%WdiA*lIJ@>mw%Cdg|0Y-zbj2Rx3qrTq9O+<MAdF9JWw07SOM~2
u5HNtDFUVZ)Px`L*HDD*8{ol0Eq4Mp_;L_ba$#<BX>@6CZc}4uWo=;w1qf|rbYWy+bYTDq0d?d}_}|Wp
0vpvv$c&#PW69R$ltr%da5t5w^x+8!q5uE@000000RI300000000(DmZ(?C=a{vkf)$WoGNr<y)@oH1i
2TJ?3BlyQsaUT0NJyux-;p7#|0XD%jq57bK6Q|uUfIMEX^1}Vv6tLB!)|10-o)0prc>n+a000000RI30
0000000wDpaCLNZ015$z{^Dg=h-~N_zJ`Red1EINWrM}GXaQb}6c#qIM2EQnHo-KZ`k;Xmr`<4sJYKN!
!u{G5u+^j1lf!PF4>GEG0000000000{{R30000003t@9}X=iS2Wo~qH015$z{^Dg=h-~N_zJ`Red1EIN
WrM}GXaQb}6c#qIM2EQnHo-KZ`k;Xmr`<4sJYKN!!u{G5u+^j1lf!PF4>GEG0000000000{{R3000000
33g#@X=Gt^Z*l+x0ssVVZ*FA(00035b8l^B00jX8n<_oh=3uyKe?FB~$?NZ`Y_2$)(%G_yBsGnG3;nV&
ZSSEb;k<R>|42*wg~2q@3^Lq|9zft}OB~jx>)hO74peesZgXjLX>V>+d2nR~0RR934pez?WkYXmZE19E
Wo~o?0sseRWo~72X>$Mt0RgihG4gRlb*0t|jsx5zO?CPp*w$VoGZuoxi<QMaTK@qGbaG*Cb7^#GZ*Bku
0s)^0EJ-@Z0;0Ob-P{Wzd?2rs)M&&=&l*}G;Jw22Ix+z?QV*^ZmKt8YDf|&5KZQ>65I6*X)C9iYp+?yj
r7~z5RC#b^WI=OtX=iS8LTqVnWK(5fY*ctqbaDg(01ISgV{Bn^VRUJBWdH>M0hSm1ier<7RKtBNlIZ8W
8=ErUVa!@~ep1{NA*ncPT>%JYb#7;AVr*pq1pxuAqV&M4twFb=d_B}rIR);nEc|$QXdYPy5th|FAe3wZ
3UhRFbz^jOa%E%y1pxuKh@w8)liI!tnPr$<u5p#HLm?pLS&IbN!Jf%Nn77dxRC#b^WI=OtX=iS8LTqVn
WK(5fY*ct@WCQ~M3uI+uY+-U?bZK^F00jX7_grIHL}dVysZ~++GXO%cdL7K!mMfn?^M8`ffI?y40SIPw
Zf9v?Y-Ioi0RfXb&EI<WAhStzp3aq}+h7M0`qeSkKvG4XhES{;g0=z*b98cbV{~<LWn=&a0RcF&dtzs2
YW{m%HaGO&^R5*>XEh@wAomykp>JED${7h(Z)s#xbYXO51pxp600

-----END STRICT TYPE LIB-----

